<?xml version="1.0" encoding="UTF-8"?>
<!-- Generated by org.testng.reporters.JUnitXMLReporter -->
<testsuite ignored="0" hostname="imonkarkole" failures="0" tests="5" name="Test" time="22.17" errors="0" timestamp="2022-03-25T12:10:55 IST">
  <testcase classname="demoQATest.TextBoxTest" name="textBoxTest" time="14.918"/>
  <testcase classname="demoQATest.Zebra" name="test1" time="0.004"/>
  <testcase classname="demoQATest.Zebra" name="test2" time="0.003"/>
  <testcase classname="demoQATest.Zebra" name="test3" time="0.002"/>
  <testcase classname="demoQATest.SQLDemo" name="test" time="7.119"/>
</testsuite> <!-- Test -->
