<?xml version="1.0" encoding="UTF-8"?>
<testng-results ignored="0" total="5" passed="5" failed="0" skipped="0">
  <reporter-output>
  </reporter-output>
  <suite started-at="2022-03-25T12:10:33 IST" name="Suite" finished-at="2022-03-25T12:10:55 IST" duration-ms="22170">
    <groups>
      <group name="All">
        <method signature="Zebra.test2()[pri:0, instance:demoQATest.Zebra@55a147cc]" name="test2" class="demoQATest.Zebra"/>
        <method signature="Zebra.test3()[pri:0, instance:demoQATest.Zebra@55a147cc]" name="test3" class="demoQATest.Zebra"/>
      </group> <!-- All -->
      <group name="Sanity">
        <method signature="TextBoxTest.textBoxTest()[pri:0, instance:demoQATest.TextBoxTest@506ae4d4]" name="textBoxTest" class="demoQATest.TextBoxTest"/>
      </group> <!-- Sanity -->
      <group name="Smoke">
        <method signature="Zebra.test3()[pri:0, instance:demoQATest.Zebra@55a147cc]" name="test3" class="demoQATest.Zebra"/>
      </group> <!-- Smoke -->
    </groups>
    <test started-at="2022-03-25T12:10:33 IST" name="Test" finished-at="2022-03-25T12:10:55 IST" duration-ms="22170">
      <class name="demoQATest.SQLDemo">
        <test-method signature="test()[pri:0, instance:demoQATest.SQLDemo@71ba6d4e]" started-at="2022-03-25T12:10:48 IST" name="test" finished-at="2022-03-25T12:10:55 IST" duration-ms="7119" status="PASS">
          <reporter-output>
          </reporter-output>
        </test-method> <!-- test -->
      </class> <!-- demoQATest.SQLDemo -->
      <class name="demoQATest.Zebra">
        <test-method is-config="true" signature="browser()[pri:0, instance:demoQATest.Zebra@55a147cc]" started-at="2022-03-25T12:10:33 IST" name="browser" finished-at="2022-03-25T12:10:33 IST" duration-ms="14" status="PASS">
          <reporter-output>
          </reporter-output>
        </test-method> <!-- browser -->
        <test-method signature="test1(java.lang.String)[pri:0, instance:demoQATest.Zebra@55a147cc]" started-at="2022-03-25T12:10:48 IST" name="test1" finished-at="2022-03-25T12:10:48 IST" duration-ms="4" status="PASS">
          <params>
            <param index="0">
              <value>
                <![CDATA[IM]]>
              </value>
            </param>
          </params>
          <reporter-output>
          </reporter-output>
        </test-method> <!-- test1 -->
        <test-method signature="test2()[pri:0, instance:demoQATest.Zebra@55a147cc]" started-at="2022-03-25T12:10:48 IST" name="test2" finished-at="2022-03-25T12:10:48 IST" duration-ms="3" status="PASS">
          <reporter-output>
          </reporter-output>
        </test-method> <!-- test2 -->
        <test-method signature="test3()[pri:0, instance:demoQATest.Zebra@55a147cc]" started-at="2022-03-25T12:10:48 IST" name="test3" finished-at="2022-03-25T12:10:48 IST" duration-ms="2" status="PASS">
          <reporter-output>
          </reporter-output>
        </test-method> <!-- test3 -->
        <test-method is-config="true" signature="close()[pri:0, instance:demoQATest.Zebra@55a147cc]" started-at="2022-03-25T12:10:55 IST" name="close" finished-at="2022-03-25T12:10:55 IST" duration-ms="0" status="PASS">
          <reporter-output>
          </reporter-output>
        </test-method> <!-- close -->
      </class> <!-- demoQATest.Zebra -->
      <class name="demoQATest.TextBoxTest">
        <test-method signature="textBoxTest()[pri:0, instance:demoQATest.TextBoxTest@506ae4d4]" started-at="2022-03-25T12:10:33 IST" name="textBoxTest" finished-at="2022-03-25T12:10:48 IST" duration-ms="14918" status="PASS">
          <reporter-output>
          </reporter-output>
        </test-method> <!-- textBoxTest -->
      </class> <!-- demoQATest.TextBoxTest -->
    </test> <!-- Test -->
  </suite> <!-- Suite -->
</testng-results>
